Aug 08, 2014 4:01:07 PM edu.berkeley.icsi.metanet.wiki2owl.WikiParser importWiki
SEVERE: Progress: 4 startIndex: 0 endIndex: 50
Aug 08, 2014 4:01:07 PM edu.berkeley.icsi.metanet.wiki2owl.WikiParser importWiki
SEVERE: Progress: 8 startIndex: 50 endIndex: 100
Aug 08, 2014 4:01:08 PM edu.berkeley.icsi.metanet.wiki2owl.WikiParser importWiki
SEVERE: Progress: 13 startIndex: 100 endIndex: 150
Aug 08, 2014 4:01:08 PM edu.berkeley.icsi.metanet.wiki2owl.WikiParser importWiki
SEVERE: Progress: 17 startIndex: 150 endIndex: 200
Aug 08, 2014 4:01:09 PM edu.berkeley.icsi.metanet.wiki2owl.WikiTemplateParser parseSubtemplate
SEVERE: Error: one or both bound roles are null for binding in Schema:Entidad animado
Aug 08, 2014 4:01:09 PM edu.berkeley.icsi.metanet.wiki2owl.WikiParser importWiki
SEVERE: Progress: 22 startIndex: 200 endIndex: 250
Aug 08, 2014 4:01:09 PM edu.berkeley.icsi.metanet.wiki2owl.WikiParser importWiki
SEVERE: Progress: 26 startIndex: 250 endIndex: 300
Aug 08, 2014 4:01:09 PM edu.berkeley.icsi.metanet.wiki2owl.WikiParser importWiki
SEVERE: Progress: 31 startIndex: 300 endIndex: 350
Aug 08, 2014 4:01:09 PM edu.berkeley.icsi.metanet.wiki2owl.WikiParser importWiki
SEVERE: Progress: 35 startIndex: 350 endIndex: 400
Aug 08, 2014 4:01:10 PM edu.berkeley.icsi.metanet.wiki2owl.WikiParser importWiki
SEVERE: Progress: 40 startIndex: 400 endIndex: 450
Aug 08, 2014 4:01:10 PM edu.berkeley.icsi.metanet.wiki2owl.WikiParser importWiki
SEVERE: Progress: 44 startIndex: 450 endIndex: 500
Aug 08, 2014 4:01:10 PM edu.berkeley.icsi.metanet.wiki2owl.WikiParser importWiki
SEVERE: Progress: 49 startIndex: 500 endIndex: 550
Aug 08, 2014 4:01:10 PM edu.berkeley.icsi.metanet.wiki2owl.WikiTemplateParser parseSubtemplate
SEVERE: Error: skipping null inferences/entailments on Metaphor:COMPRENDER ES VER
Aug 08, 2014 4:01:10 PM edu.berkeley.icsi.metanet.wiki2owl.WikiTemplateParser parseSubtemplate
SEVERE: Error: skipping null inferences/entailments on Metaphor:COMPRENDER ES VER
Aug 08, 2014 4:01:10 PM edu.berkeley.icsi.metanet.wiki2owl.WikiParser importWiki
SEVERE: Progress: 53 startIndex: 550 endIndex: 600
Aug 08, 2014 4:01:10 PM edu.berkeley.icsi.metanet.wiki2owl.WikiParser importWiki
SEVERE: Progress: 57 startIndex: 600 endIndex: 650
Aug 08, 2014 4:01:11 PM edu.berkeley.icsi.metanet.wiki2owl.WikiParser importWiki
SEVERE: Progress: 62 startIndex: 650 endIndex: 700
Aug 08, 2014 4:01:11 PM edu.berkeley.icsi.metanet.wiki2owl.WikiParser importWiki
SEVERE: Progress: 66 startIndex: 700 endIndex: 750
Aug 08, 2014 4:01:11 PM edu.berkeley.icsi.metanet.wiki2owl.WikiParser importWiki
SEVERE: Progress: 71 startIndex: 750 endIndex: 800
Aug 08, 2014 4:01:11 PM edu.berkeley.icsi.metanet.wiki2owl.WikiTemplateParser parseSubtemplate
SEVERE: Error: skipping null inferences/entailments on Metaphor:INSTITUCIÓNES GUBERNAMENTALES SON ESTRUCTURAS FÍSICAS
Aug 08, 2014 4:01:11 PM edu.berkeley.icsi.metanet.wiki2owl.WikiParser importWiki
SEVERE: Progress: 75 startIndex: 800 endIndex: 850
Aug 08, 2014 4:01:11 PM edu.berkeley.icsi.metanet.wiki2owl.WikiParser importWiki
SEVERE: Progress: 80 startIndex: 850 endIndex: 900
Aug 08, 2014 4:01:12 PM edu.berkeley.icsi.metanet.wiki2owl.WikiTemplateParser parseSubtemplate
SEVERE: Error: skipping null inferences/entailments on Metaphor:PODER ES UNA POSESIÓN
Aug 08, 2014 4:01:12 PM edu.berkeley.icsi.metanet.wiki2owl.WikiTemplateParser parseSubtemplate
SEVERE: Error: skipping null inferences/entailments on Metaphor:PODER ES UNA POSESIÓN
Aug 08, 2014 4:01:12 PM edu.berkeley.icsi.metanet.wiki2owl.WikiParser importWiki
SEVERE: Progress: 84 startIndex: 900 endIndex: 950
Aug 08, 2014 4:01:12 PM edu.berkeley.icsi.metanet.wiki2owl.WikiParser importWiki
SEVERE: Progress: 89 startIndex: 950 endIndex: 1000
Aug 08, 2014 4:01:12 PM edu.berkeley.icsi.metanet.wiki2owl.WikiParser importWiki
SEVERE: Progress: 93 startIndex: 1000 endIndex: 1050
Aug 08, 2014 4:01:12 PM edu.berkeley.icsi.metanet.wiki2owl.WikiParser importWiki
SEVERE: Progress: 98 startIndex: 1050 endIndex: 1100
Aug 08, 2014 4:01:12 PM edu.berkeley.icsi.metanet.wiki2owl.WikiParser importWiki
SEVERE: Progress: 98 startIndex: 1100 endIndex: 1121
